2018-02-18 14:52:37 INFO  ExecuteService:31 - {"mobileNumber":"92511831","pin":"1234","token":"530066","errorCode":"9000","errorMessage":"Success"}
2018-02-18 14:52:37 INFO  ExecuteService:45 - ResponseData = {"mobileNumber":"92511831","pin":"1234","token":"530066","errorCode":"9000","errorMessage":"Success"}
2018-02-18 14:52:38 INFO  ExecuteService:31 - {"mobileNumber":"92511831","pin":"1234","token":"283286","errorCode":"9000","errorMessage":"Success"}
2018-02-18 14:52:38 INFO  ExecuteService:45 - ResponseData = {"mobileNumber":"92511831","pin":"1234","token":"283286","errorCode":"9000","errorMessage":"Success"}
2018-02-21 11:39:00 INFO  ExecuteService:31 - {"mobileNumber":"92511831","pin":"1234","token":"548734","errorCode":"9000","errorMessage":"Success"}
2018-02-21 11:39:00 INFO  ExecuteService:45 - ResponseData = {"mobileNumber":"92511831","pin":"1234","token":"548734","errorCode":"9000","errorMessage":"Success"}
2018-02-21 11:39:01 INFO  ExecuteService:31 - {"mobileNumber":"92511831","pin":"1234","token":"697926","errorCode":"9000","errorMessage":"Success"}
2018-02-21 11:39:01 INFO  ExecuteService:45 - ResponseData = {"mobileNumber":"92511831","pin":"1234","token":"697926","errorCode":"9000","errorMessage":"Success"}
2018-02-21 11:39:01 INFO  ExecuteService:31 - <html>
<head>
<meta http-equiv="Content-Type" content="text/html;charset=utf-8"/>
<title>Error 403 No valid crumb was included in the request</title>
</head>
<body><h2>HTTP ERROR 403</h2>
<p>Problem accessing /demo/business/login. Reason:
<pre>    No valid crumb was included in the request</pre></p><hr><a href="http://eclipse.org/jetty">Powered by Jetty:// 9.4.z-SNAPSHOT</a><hr/>

</body>
</html>

2018-02-21 11:39:01 INFO  ExecuteService:45 - ResponseData = <html>
<head>
<meta http-equiv="Content-Type" content="text/html;charset=utf-8"/>
<title>Error 403 No valid crumb was included in the request</title>
</head>
<body><h2>HTTP ERROR 403</h2>
<p>Problem accessing /demo/business/login. Reason:
<pre>    No valid crumb was included in the request</pre></p><hr><a href="http://eclipse.org/jetty">Powered by Jetty:// 9.4.z-SNAPSHOT</a><hr/>

</body>
</html>

2018-02-21 11:58:17 INFO  ExecuteService:31 - {"mobileNumber":"92511831","pin":"1234","token":"884952","errorCode":"9000","errorMessage":"Success"}
2018-02-21 11:58:18 INFO  ExecuteService:45 - ResponseData = {"mobileNumber":"92511831","pin":"1234","token":"884952","errorCode":"9000","errorMessage":"Success"}
2018-02-21 11:59:45 ERROR ExecuteService:36 - Connection refused: connect
2018-02-21 14:40:15 ERROR ExecuteService:36 - Connection refused: connect
2018-02-21 15:13:44 ERROR ExecuteService:36 - no protocol: "http://localhost:8085/demo/business/login"
2018-02-21 15:13:44 ERROR ExecuteService:36 - no protocol: "http://localhost:8085/demo/business/login"
2018-02-21 15:14:44 ERROR ExecuteService:36 - no protocol: "http://localhost:8085/demo/business/login"
2018-02-21 15:15:19 ERROR ExecuteService:36 - no protocol: "http://localhost:8085/demo/business/login"
2018-02-21 15:15:19 ERROR ExecuteService:36 - no protocol: "http://localhost:8085/demo/business/login"
2018-02-21 15:16:18 ERROR ExecuteService:36 - no protocol: "http://localhost:8085/demo/business/login"
2018-02-21 15:17:57 ERROR ExecuteService:36 - no protocol: "http://localhost:8085/demo/business/login"
2018-02-21 15:17:57 ERROR ExecuteService:36 - no protocol: "http://localhost:8085/demo/business/login"
2018-02-21 15:21:40 ERROR ExecuteService:36 - no protocol: "http://localhost:8085/demo/business/login"
2018-02-21 15:24:02 INFO  ExecuteService:31 - {"mobileNumber":"92511831","pin":"1234","token":"253470","errorCode":"9000","errorMessage":"Success"}
2018-02-21 15:24:02 INFO  ExecuteService:46 - ResponseData = {"mobileNumber":"92511831","pin":"1234","token":"253470","errorCode":"9000","errorMessage":"Success"}
2018-02-21 17:05:57 INFO  ExecuteService:31 - {"mobileNumber":"92511831","pin":"1234","token":"754424","errorCode":"9000","errorMessage":"Success"}
2018-02-21 17:05:57 INFO  ExecuteService:46 - ResponseData = {"mobileNumber":"92511831","pin":"1234","token":"754424","errorCode":"9000","errorMessage":"Success"}
2018-02-21 17:05:57 INFO  ExecuteService:31 - {"mobileNumber":"92511831","pin":"1234","token":"700145","errorCode":"9000","errorMessage":"Success"}
2018-02-21 17:05:57 INFO  ExecuteService:46 - ResponseData = {"mobileNumber":"92511831","pin":"1234","token":"700145","errorCode":"9000","errorMessage":"Success"}
2018-02-21 17:12:49 INFO  ExecuteService:31 - {"mobileNumber":"92511831","pin":"1234","token":"35135","errorCode":"9000","errorMessage":"Success"}
2018-02-21 17:12:49 INFO  ExecuteService:46 - ResponseData = {"mobileNumber":"92511831","pin":"1234","token":"35135","errorCode":"9000","errorMessage":"Success"}
2018-02-21 17:12:49 INFO  ExecuteService:31 - {"mobileNumber":"92511831","pin":"1234","token":"189815","errorCode":"9000","errorMessage":"Success"}
2018-02-21 17:12:49 INFO  ExecuteService:46 - ResponseData = {"mobileNumber":"92511831","pin":"1234","token":"189815","errorCode":"9000","errorMessage":"Success"}
2018-02-22 10:54:34 INFO  ExecuteService:31 - {"mobileNumber":"92511831","pin":"1234","token":"756437","errorCode":"9000","errorMessage":"Success"}
2018-02-22 10:54:34 INFO  ExecuteService:46 - ResponseData = {"mobileNumber":"92511831","pin":"1234","token":"756437","errorCode":"9000","errorMessage":"Success"}
2018-02-22 10:54:34 INFO  ExecuteService:31 - {"mobileNumber":"92511831","pin":"1234","token":"239095","errorCode":"9000","errorMessage":"Success"}
2018-02-22 10:54:34 INFO  ExecuteService:46 - ResponseData = {"mobileNumber":"92511831","pin":"1234","token":"239095","errorCode":"9000","errorMessage":"Success"}
2018-02-22 11:47:22 INFO  ExecuteService:31 - <html>
<head>
<meta http-equiv="Content-Type" content="text/html;charset=utf-8"/>
<title>Error 403 No valid crumb was included in the request</title>
</head>
<body><h2>HTTP ERROR 403</h2>
<p>Problem accessing /demo/business/makePayment. Reason:
<pre>    No valid crumb was included in the request</pre></p><hr><a href="http://eclipse.org/jetty">Powered by Jetty:// 9.4.z-SNAPSHOT</a><hr/>

</body>
</html>

2018-02-22 11:47:22 INFO  ExecuteService:46 - ResponseData = <html>
<head>
<meta http-equiv="Content-Type" content="text/html;charset=utf-8"/>
<title>Error 403 No valid crumb was included in the request</title>
</head>
<body><h2>HTTP ERROR 403</h2>
<p>Problem accessing /demo/business/makePayment. Reason:
<pre>    No valid crumb was included in the request</pre></p><hr><a href="http://eclipse.org/jetty">Powered by Jetty:// 9.4.z-SNAPSHOT</a><hr/>

</body>
</html>

2018-02-22 11:49:43 INFO  ExecuteService:31 - {"senderMobileNumber":"92511830","rxerMobileNumber":"92511831","amount":"100","errorCode":"9000","errorMessage":"Success","txnID":"67125710","token":"513892"}
2018-02-22 11:49:43 INFO  ExecuteService:46 - ResponseData = {"senderMobileNumber":"92511830","rxerMobileNumber":"92511831","amount":"100","errorCode":"9000","errorMessage":"Success","txnID":"67125710","token":"513892"}
2018-02-23 18:29:30 INFO  ExecuteService:31 - {"mobileNumber":"92511831","pin":"1234","token":"492846","errorCode":"9000","errorMessage":"Success"}
2018-02-23 18:29:30 INFO  ExecuteService:46 - ResponseData = {"mobileNumber":"92511831","pin":"1234","token":"492846","errorCode":"9000","errorMessage":"Success"}
2018-05-25 10:22:11 INFO  ExecuteService:31 - {"mobileNumber":"92511831","pin":"1234","token":"1302","errorCode":"9000","errorMessage":"Success"}
2018-05-25 10:22:11 INFO  ExecuteService:46 - ResponseData = {"mobileNumber":"92511831","pin":"1234","token":"1302","errorCode":"9000","errorMessage":"Success"}
2018-05-25 10:23:18 INFO  ExecuteService:31 - {"mobileNumber":"92511831","pin":"1234","token":"620620","errorCode":"9000","errorMessage":"Success"}
2018-05-25 10:23:18 INFO  ExecuteService:46 - ResponseData = {"mobileNumber":"92511831","pin":"1234","token":"620620","errorCode":"9000","errorMessage":"Success"}
2018-05-25 10:23:18 INFO  ExecuteService:31 - {"mobileNumber":"92511831","pin":"1234","token":"273378","errorCode":"9000","errorMessage":"Success"}
2018-05-25 10:23:18 INFO  ExecuteService:46 - ResponseData = {"mobileNumber":"92511831","pin":"1234","token":"273378","errorCode":"9000","errorMessage":"Success"}
2018-05-25 10:24:43 INFO  ExecuteService:31 - {"mobileNumber":"92511831","pin":"1234","token":"279487","errorCode":"9000","errorMessage":"Success"}
2018-05-25 10:24:43 INFO  ExecuteService:46 - ResponseData = {"mobileNumber":"92511831","pin":"1234","token":"279487","errorCode":"9000","errorMessage":"Success"}
2018-05-25 10:24:43 INFO  ExecuteService:31 - {"mobileNumber":"92511831","pin":"1234","token":"826061","errorCode":"9000","errorMessage":"Success"}
2018-05-25 10:24:43 INFO  ExecuteService:46 - ResponseData = {"mobileNumber":"92511831","pin":"1234","token":"826061","errorCode":"9000","errorMessage":"Success"}
2018-05-25 10:26:30 INFO  ExecuteService:31 - {"mobileNumber":"92511831","pin":"1234","token":"72174","errorCode":"9000","errorMessage":"Success"}
2018-05-25 10:26:30 INFO  ExecuteService:46 - ResponseData = {"mobileNumber":"92511831","pin":"1234","token":"72174","errorCode":"9000","errorMessage":"Success"}
2018-05-25 10:26:31 INFO  ExecuteService:31 - {"mobileNumber":"92511831","pin":"1234","token":"746366","errorCode":"9000","errorMessage":"Success"}
2018-05-25 10:26:31 INFO  ExecuteService:46 - ResponseData = {"mobileNumber":"92511831","pin":"1234","token":"746366","errorCode":"9000","errorMessage":"Success"}
2018-05-25 10:27:14 INFO  ExecuteService:31 - {"mobileNumber":"92511831","pin":"1234","token":"194985","errorCode":"9000","errorMessage":"Success"}
2018-05-25 10:27:14 INFO  ExecuteService:46 - ResponseData = {"mobileNumber":"92511831","pin":"1234","token":"194985","errorCode":"9000","errorMessage":"Success"}
2018-05-25 10:27:15 INFO  ExecuteService:31 - {"mobileNumber":"92511831","pin":"1234","token":"878880","errorCode":"9000","errorMessage":"Success"}
2018-05-25 10:27:15 INFO  ExecuteService:46 - ResponseData = {"mobileNumber":"92511831","pin":"1234","token":"878880","errorCode":"9000","errorMessage":"Success"}
2018-05-25 11:42:55 INFO  ExecuteService:31 - {"mobileNumber":"92511831","pin":"1234","token":"377825","errorCode":"9000","errorMessage":"Success"}
2018-05-25 11:42:55 INFO  ExecuteService:46 - ResponseData = {"mobileNumber":"92511831","pin":"1234","token":"377825","errorCode":"9000","errorMessage":"Success"}
2018-05-25 11:42:56 INFO  ExecuteService:31 - {"mobileNumber":"92511831","pin":"1234","token":"675552","errorCode":"9000","errorMessage":"Success"}
2018-05-25 11:42:56 INFO  ExecuteService:46 - ResponseData = {"mobileNumber":"92511831","pin":"1234","token":"675552","errorCode":"9000","errorMessage":"Success"}
2018-05-25 11:50:53 INFO  ExecuteService:31 - {"mobileNumber":"92511831","pin":"1234","token":"35662","errorCode":"9000","errorMessage":"Success"}
2018-05-25 11:50:53 INFO  ExecuteService:46 - ResponseData = {"mobileNumber":"92511831","pin":"1234","token":"35662","errorCode":"9000","errorMessage":"Success"}
2018-05-25 11:50:54 INFO  ExecuteService:31 - {"mobileNumber":"92511831","pin":"1234","token":"306197","errorCode":"9000","errorMessage":"Success"}
2018-05-25 11:50:54 INFO  ExecuteService:46 - ResponseData = {"mobileNumber":"92511831","pin":"1234","token":"306197","errorCode":"9000","errorMessage":"Success"}
2018-05-25 14:12:31 INFO  ExecuteService:31 - {"mobileNumber":"92511831","pin":"1234","token":"313522","errorCode":"9000","errorMessage":"Success"}
2018-05-25 14:12:31 INFO  ExecuteService:46 - ResponseData = {"mobileNumber":"92511831","pin":"1234","token":"313522","errorCode":"9000","errorMessage":"Success"}
2018-05-25 14:12:32 INFO  ExecuteService:31 - {"mobileNumber":"92511831","pin":"1234","token":"854633","errorCode":"9000","errorMessage":"Success"}
2018-05-25 14:12:32 INFO  ExecuteService:46 - ResponseData = {"mobileNumber":"92511831","pin":"1234","token":"854633","errorCode":"9000","errorMessage":"Success"}
2018-05-25 14:13:33 INFO  ExecuteService:31 - {"mobileNumber":"92511831","pin":"1234","token":"286036","errorCode":"9000","errorMessage":"Success"}
2018-05-25 14:13:33 INFO  ExecuteService:46 - ResponseData = {"mobileNumber":"92511831","pin":"1234","token":"286036","errorCode":"9000","errorMessage":"Success"}
2018-05-25 14:13:41 INFO  ExecuteService:31 - {"mobileNumber":"92511831","pin":"1234","token":"991541","errorCode":"9000","errorMessage":"Success"}
2018-05-25 14:13:41 INFO  ExecuteService:46 - ResponseData = {"mobileNumber":"92511831","pin":"1234","token":"991541","errorCode":"9000","errorMessage":"Success"}
2018-05-25 14:14:15 INFO  ExecuteService:31 - {"mobileNumber":"92511831","pin":"1234","token":"875201","errorCode":"9000","errorMessage":"Success"}
2018-05-25 14:14:15 INFO  ExecuteService:46 - ResponseData = {"mobileNumber":"92511831","pin":"1234","token":"875201","errorCode":"9000","errorMessage":"Success"}
2018-05-25 14:14:15 INFO  ExecuteService:31 - {"mobileNumber":"92511831","pin":"1234","token":"149750","errorCode":"9000","errorMessage":"Success"}
2018-05-25 14:14:15 INFO  ExecuteService:46 - ResponseData = {"mobileNumber":"92511831","pin":"1234","token":"149750","errorCode":"9000","errorMessage":"Success"}
2019-02-11 11:10:01 INFO  ExecuteService:31 - {"mobileNumber":"92511831","pin":"1234","token":"501708","errorCode":"9000","errorMessage":"Success"}
2019-02-11 11:10:01 INFO  ExecuteService:46 - ResponseData = {"mobileNumber":"92511831","pin":"1234","token":"501708","errorCode":"9000","errorMessage":"Success"}
2019-02-11 11:10:01 INFO  ExecuteService:31 - {"mobileNumber":"92511831","pin":"1234","token":"666381","errorCode":"9000","errorMessage":"Success"}
2019-02-11 11:10:01 INFO  ExecuteService:46 - ResponseData = {"mobileNumber":"92511831","pin":"1234","token":"666381","errorCode":"9000","errorMessage":"Success"}
2019-02-11 11:10:59 INFO  ExecuteService:31 - {"mobileNumber":"92511831","pin":"1234","token":"809510","errorCode":"9000","errorMessage":"Success"}
2019-02-11 11:10:59 INFO  ExecuteService:46 - ResponseData = {"mobileNumber":"92511831","pin":"1234","token":"809510","errorCode":"9000","errorMessage":"Success"}
2019-02-11 11:10:59 INFO  ExecuteService:31 - {"mobileNumber":"92511831","pin":"1234","token":"555546","errorCode":"9000","errorMessage":"Success"}
2019-02-11 11:10:59 INFO  ExecuteService:46 - ResponseData = {"mobileNumber":"92511831","pin":"1234","token":"555546","errorCode":"9000","errorMessage":"Success"}
2019-02-11 11:17:29 INFO  ExecuteService:31 - {"mobileNumber":"92511831","pin":"1234","token":"904388","errorCode":"9000","errorMessage":"Success"}
2019-02-11 11:29:10 INFO  ExecuteService:46 - ResponseData = {"mobileNumber":"92511831","pin":"1234","token":"904388","errorCode":"9000","errorMessage":"Success"}
2019-02-11 11:30:57 INFO  ExecuteService:31 - {"mobileNumber":"92511831","pin":"1234","token":"846096","errorCode":"9000","errorMessage":"Success"}
2019-02-11 11:31:33 INFO  ExecuteService:46 - ResponseData = {"mobileNumber":"92511831","pin":"1234","token":"846096","errorCode":"9000","errorMessage":"Success"}
2019-02-11 13:18:25 INFO  ExecuteService:31 - {"mobileNumber":"92511830","pin":"1236","token":"82768","errorCode":"9000","errorMessage":"Success"}
2019-02-11 13:18:25 INFO  ExecuteService:46 - ResponseData = {"mobileNumber":"92511830","pin":"1236","token":"82768","errorCode":"9000","errorMessage":"Success"}
2019-02-11 13:19:12 INFO  ExecuteService:31 - {"mobileNumber":"92511830","pin":"1236","token":"859335","errorCode":"9000","errorMessage":"Success"}
2019-02-11 13:19:12 INFO  ExecuteService:46 - ResponseData = {"mobileNumber":"92511830","pin":"1236","token":"859335","errorCode":"9000","errorMessage":"Success"}
2019-02-11 13:19:12 INFO  ExecuteService:31 - {"mobileNumber":"","pin":"1236","token":null,"errorCode":"9002","errorMessage":"mobile Number not valid"}
2019-02-11 13:19:12 INFO  ExecuteService:46 - ResponseData = {"mobileNumber":"","pin":"1236","token":null,"errorCode":"9002","errorMessage":"mobile Number not valid"}
2019-02-11 13:24:46 INFO  ExecuteService:31 - {"mobileNumber":"92511830","pin":"1236","token":"203856","errorCode":"9000","errorMessage":"Success"}
2019-02-11 13:24:46 INFO  ExecuteService:46 - ResponseData = {"mobileNumber":"92511830","pin":"1236","token":"203856","errorCode":"9000","errorMessage":"Success"}
2019-02-11 13:24:46 INFO  ExecuteService:31 - {"mobileNumber":"","pin":"1236","token":null,"errorCode":"9002","errorMessage":"mobile Number not valid"}
2019-02-11 13:24:46 INFO  ExecuteService:46 - ResponseData = {"mobileNumber":"","pin":"1236","token":null,"errorCode":"9002","errorMessage":"mobile Number not valid"}
2019-02-11 13:25:48 INFO  ExecuteService:31 - {"mobileNumber":"92511830","pin":"1236","token":"785438","errorCode":"9000","errorMessage":"Success"}
2019-02-11 13:25:48 INFO  ExecuteService:46 - ResponseData = {"mobileNumber":"92511830","pin":"1236","token":"785438","errorCode":"9000","errorMessage":"Success"}
2019-02-11 13:25:54 INFO  ExecuteService:31 - {"mobileNumber":"","pin":"1236","token":null,"errorCode":"9002","errorMessage":"mobile Number not valid"}
2019-02-11 13:25:54 INFO  ExecuteService:46 - ResponseData = {"mobileNumber":"","pin":"1236","token":null,"errorCode":"9002","errorMessage":"mobile Number not valid"}
2019-02-11 13:26:25 INFO  ExecuteService:31 - {"mobileNumber":"92511830","pin":"1236","token":"102407","errorCode":"9000","errorMessage":"Success"}
2019-02-11 13:26:25 INFO  ExecuteService:46 - ResponseData = {"mobileNumber":"92511830","pin":"1236","token":"102407","errorCode":"9000","errorMessage":"Success"}
2019-02-11 13:26:25 INFO  ExecuteService:31 - {"mobileNumber":"","pin":"1236","token":null,"errorCode":"9002","errorMessage":"mobile Number not valid"}
2019-02-11 13:26:25 INFO  ExecuteService:46 - ResponseData = {"mobileNumber":"","pin":"1236","token":null,"errorCode":"9002","errorMessage":"mobile Number not valid"}
2019-02-11 13:33:52 INFO  ExecuteService:31 - {"mobileNumber":"92511830","pin":"1236","token":"488617","errorCode":"9000","errorMessage":"Success"}
2019-02-11 13:33:52 INFO  ExecuteService:46 - ResponseData = {"mobileNumber":"92511830","pin":"1236","token":"488617","errorCode":"9000","errorMessage":"Success"}
2019-02-11 13:33:52 INFO  ExecuteService:31 - {"mobileNumber":"","pin":"1236","token":null,"errorCode":"9002","errorMessage":"mobile Number not valid"}
2019-02-11 13:33:52 INFO  ExecuteService:46 - ResponseData = {"mobileNumber":"","pin":"1236","token":null,"errorCode":"9002","errorMessage":"mobile Number not valid"}
2019-02-11 13:34:08 INFO  ExecuteService:31 - {"mobileNumber":"92511830","pin":"1236","token":"624684","errorCode":"9000","errorMessage":"Success"}
2019-02-11 13:34:08 INFO  ExecuteService:46 - ResponseData = {"mobileNumber":"92511830","pin":"1236","token":"624684","errorCode":"9000","errorMessage":"Success"}
2019-02-11 13:34:08 INFO  ExecuteService:31 - {"mobileNumber":"","pin":"1236","token":null,"errorCode":"9002","errorMessage":"mobile Number not valid"}
2019-02-11 13:34:08 INFO  ExecuteService:46 - ResponseData = {"mobileNumber":"","pin":"1236","token":null,"errorCode":"9002","errorMessage":"mobile Number not valid"}
2019-02-11 13:53:56 INFO  ExecuteService:31 - {"mobileNumber":"92511830","pin":"1236","token":"965496","errorCode":"9000","errorMessage":"Success"}
2019-02-11 13:53:56 INFO  ExecuteService:46 - ResponseData = {"mobileNumber":"92511830","pin":"1236","token":"965496","errorCode":"9000","errorMessage":"Success"}
2019-02-11 13:53:56 INFO  ExecuteService:31 - {"mobileNumber":"","pin":"1236","token":null,"errorCode":"9002","errorMessage":"mobile Number not valid"}
2019-02-11 13:53:56 INFO  ExecuteService:46 - ResponseData = {"mobileNumber":"","pin":"1236","token":null,"errorCode":"9002","errorMessage":"mobile Number not valid"}
2019-02-11 13:57:26 INFO  ExecuteService:31 - {"mobileNumber":"92511830","pin":"1236","token":"724805","errorCode":"9000","errorMessage":"Success"}
2019-02-11 13:57:26 INFO  ExecuteService:46 - ResponseData = {"mobileNumber":"92511830","pin":"1236","token":"724805","errorCode":"9000","errorMessage":"Success"}
2019-02-11 13:57:27 INFO  ExecuteService:31 - {"mobileNumber":"","pin":"1236","token":null,"errorCode":"9002","errorMessage":"mobile Number not valid"}
2019-02-11 13:57:27 INFO  ExecuteService:46 - ResponseData = {"mobileNumber":"","pin":"1236","token":null,"errorCode":"9002","errorMessage":"mobile Number not valid"}
2019-02-11 14:40:31 INFO  ExecuteService:31 - {"mobileNumber":"92511830","pin":"1236","token":"619216","errorCode":"9000","errorMessage":"Success"}
2019-02-11 14:40:31 INFO  ExecuteService:46 - ResponseData = {"mobileNumber":"92511830","pin":"1236","token":"619216","errorCode":"9000","errorMessage":"Success"}
2019-02-11 14:40:32 INFO  ExecuteService:31 - {"mobileNumber":"","pin":"1236","token":null,"errorCode":"9002","errorMessage":"mobile Number not valid"}
2019-02-11 14:40:32 INFO  ExecuteService:46 - ResponseData = {"mobileNumber":"","pin":"1236","token":null,"errorCode":"9002","errorMessage":"mobile Number not valid"}
2019-02-11 14:51:33 INFO  ExecuteService:31 - {"mobileNumber":"92511830","pin":"1236","token":"948301","errorCode":"9000","errorMessage":"Success"}
2019-02-11 14:51:33 INFO  ExecuteService:46 - ResponseData = {"mobileNumber":"92511830","pin":"1236","token":"948301","errorCode":"9000","errorMessage":"Success"}
2019-02-11 14:51:33 INFO  ExecuteService:31 - {"mobileNumber":"","pin":"1236","token":null,"errorCode":"9002","errorMessage":"mobile Number not valid"}
2019-02-11 14:51:33 INFO  ExecuteService:46 - ResponseData = {"mobileNumber":"","pin":"1236","token":null,"errorCode":"9002","errorMessage":"mobile Number not valid"}
2019-02-11 14:52:16 INFO  ExecuteService:31 - {"mobileNumber":"92511830","pin":"1236","token":"830004","errorCode":"9000","errorMessage":"Success"}
2019-02-11 14:52:16 INFO  ExecuteService:46 - ResponseData = {"mobileNumber":"92511830","pin":"1236","token":"830004","errorCode":"9000","errorMessage":"Success"}
2019-02-11 14:52:16 INFO  ExecuteService:31 - {"mobileNumber":"","pin":"1236","token":null,"errorCode":"9002","errorMessage":"mobile Number not valid"}
2019-02-11 14:52:16 INFO  ExecuteService:46 - ResponseData = {"mobileNumber":"","pin":"1236","token":null,"errorCode":"9002","errorMessage":"mobile Number not valid"}
2019-02-11 14:52:46 INFO  ExecuteService:31 - {"mobileNumber":"92511830","pin":"1236","token":"59391","errorCode":"9000","errorMessage":"Success"}
2019-02-11 14:52:46 INFO  ExecuteService:46 - ResponseData = {"mobileNumber":"92511830","pin":"1236","token":"59391","errorCode":"9000","errorMessage":"Success"}
2019-02-11 14:52:46 INFO  ExecuteService:31 - {"mobileNumber":"","pin":"1236","token":null,"errorCode":"9002","errorMessage":"mobile Number not valid"}
2019-02-11 14:52:46 INFO  ExecuteService:46 - ResponseData = {"mobileNumber":"","pin":"1236","token":null,"errorCode":"9002","errorMessage":"mobile Number not valid"}
2019-02-11 14:53:49 INFO  ExecuteService:31 - {"mobileNumber":"92511830","pin":"1236","token":"461094","errorCode":"9000","errorMessage":"Success"}
2019-02-11 14:53:49 INFO  ExecuteService:46 - ResponseData = {"mobileNumber":"92511830","pin":"1236","token":"461094","errorCode":"9000","errorMessage":"Success"}
2019-02-11 14:53:49 INFO  ExecuteService:31 - {"mobileNumber":"","pin":"1236","token":null,"errorCode":"9002","errorMessage":"mobile Number not valid"}
2019-02-11 14:53:49 INFO  ExecuteService:46 - ResponseData = {"mobileNumber":"","pin":"1236","token":null,"errorCode":"9002","errorMessage":"mobile Number not valid"}
2019-02-11 14:54:21 INFO  ExecuteService:31 - {"mobileNumber":"92511830","pin":"1236","token":"201945","errorCode":"9000","errorMessage":"Success"}
2019-02-11 14:54:21 INFO  ExecuteService:46 - ResponseData = {"mobileNumber":"92511830","pin":"1236","token":"201945","errorCode":"9000","errorMessage":"Success"}
2019-02-11 14:54:21 INFO  ExecuteService:31 - {"mobileNumber":"","pin":"1236","token":null,"errorCode":"9002","errorMessage":"mobile Number not valid"}
2019-02-11 14:54:21 INFO  ExecuteService:46 - ResponseData = {"mobileNumber":"","pin":"1236","token":null,"errorCode":"9002","errorMessage":"mobile Number not valid"}
2019-02-11 15:03:18 INFO  ExecuteService:31 - {"mobileNumber":"92511830","pin":"1236","token":"339137","errorCode":"9000","errorMessage":"Success"}
2019-02-11 15:03:18 INFO  ExecuteService:46 - ResponseData = {"mobileNumber":"92511830","pin":"1236","token":"339137","errorCode":"9000","errorMessage":"Success"}
2019-02-11 15:03:18 INFO  ExecuteService:31 - {"mobileNumber":"","pin":"1236","token":null,"errorCode":"9002","errorMessage":"mobile Number not valid"}
2019-02-11 15:03:18 INFO  ExecuteService:46 - ResponseData = {"mobileNumber":"","pin":"1236","token":null,"errorCode":"9002","errorMessage":"mobile Number not valid"}
